<?xml version="1.0" encoding="UTF-8"?>
<testsuite name="com.ds.Stacks.StacksTest" tests="1" skipped="0" failures="0" errors="0" timestamp="2024-07-08T13:10:07" hostname="jerrycaffe-SATELLITE-PRO-L50-J" time="0.012">
  <properties/>
  <testcase name="testEmptyStack()" classname="com.ds.Stacks.StacksTest" time="0.012"/>
  <system-out><![CDATA[]]></system-out>
  <system-err><![CDATA[]]></system-err>
</testsuite>
