<?xml version="1.0" encoding="UTF-8"?>
<testsuite name="com.ds.trees.binarytree.BinarySearchTreeTest" tests="1" skipped="0" failures="0" errors="0" timestamp="2024-07-19T03:47:28" hostname="jerrycaffe-SATELLITE-PRO-L50-J" time="0.014">
  <properties/>
  <testcase name="testContainsShouldReturnFalseWhenValueIsMissing()" classname="com.ds.trees.binarytree.BinarySearchTreeTest" time="0.014"/>
  <system-out><![CDATA[]]></system-out>
  <system-err><![CDATA[]]></system-err>
</testsuite>
